# JRE version: OpenJDK Runtime Environment Temurin-21.0.9+10 (21.0.9+10) (build 21.0.9+10-LTS)
# Java VM: OpenJDK 64-Bit Server VM Temurin-21.0.9+10 (21.0.9+10-LTS, mixed mode, sharing, tiered, compressed oops, compressed class ptrs, parallel gc, windows-amd64)
GC Precious Log:
 CardTable entry size: 512
 CPUs: 12 total, 12 available
 Memory: 7885M
 Large Page Support: Disabled
 NUMA Support: Disabled
 Compressed Oops: Enabled (32-bit)
 Alignments: Space 512K, Generation 512K, Heap 2M
 Heap Min Capacity: 100M
 Heap Initial Capacity: 100M
 Heap Max Capacity: 2G
 Pre-touch: Disabled
 Parallel Workers: 10
Heap:
 PSYoungGen      total 20480K, used 20476K [0x00000000d5580000, 0x00000000d6c80000, 0x0000000100000000)
  eden space 19456K, 100% used [0x00000000d5580000,0x00000000d6880000,0x00000000d6880000)
  from space 1024K, 99% used [0x00000000d6980000,0x00000000d6a7f178,0x00000000d6a80000)
  to   space 2048K, 0% used [0x00000000d6a80000,0x00000000d6a80000,0x00000000d6c80000)
 ParOldGen       total 68608K, used 22129K [0x0000000080000000, 0x0000000084300000, 0x00000000d5580000)
  object space 68608K, 32% used [0x0000000080000000,0x000000008159c600,0x0000000084300000)
 Metaspace       used 33093K, committed 34112K, reserved 1114112K
  class space    used 3396K, committed 3840K, reserved 1048576K
GC Heap History (20 events):
Event: 15.770 GC heap before
{Heap before GC invocations=5 (full 0):
 PSYoungGen      total 29696K, used 29692K [0x00000000d5580000, 0x00000000d7680000, 0x0000000100000000)
  eden space 25600K, 100% used [0x00000000d5580000,0x00000000d6e80000,0x00000000d6e80000)
  from space 4096K, 99% used [0x00000000d7280000,0x00000000d767f090,0x00000000d7680000)
  to   space 4096K, 0% used [0x00000000d6e80000,0x00000000d6e80000,0x00000000d7280000)
 ParOldGen       total 68608K, used 6486K [0x0000000080000000, 0x0000000084300000, 0x00000000d5580000)
  object space 68608K, 9% used [0x0000000080000000,0x0000000080655850,0x0000000084300000)
 Metaspace       used 15540K, committed 16128K, reserved 1114112K
  class space    used 1620K, committed 1856K, reserved 1048576K
}
Event: 15.776 GC heap after
{Heap after GC invocations=5 (full 0):
 PSYoungGen      total 29184K, used 4064K [0x00000000d5580000, 0x00000000d7a00000, 0x0000000100000000)
  eden space 25088K, 0% used [0x00000000d5580000,0x00000000d5580000,0x00000000d6e00000)
  from space 4096K, 99% used [0x00000000d6e80000,0x00000000d72781c0,0x00000000d7280000)
  to   space 6144K, 0% used [0x00000000d7400000,0x00000000d7400000,0x00000000d7a00000)
 ParOldGen       total 68608K, used 8211K [0x0000000080000000, 0x0000000084300000, 0x00000000d5580000)
  object space 68608K, 11% used [0x0000000080000000,0x0000000080804f98,0x0000000084300000)
 Metaspace       used 15540K, committed 16128K, reserved 1114112K
  class space    used 1620K, committed 1856K, reserved 1048576K
}
Event: 18.287 GC heap before
{Heap before GC invocations=6 (full 0):
 PSYoungGen      total 29184K, used 29152K [0x00000000d5580000, 0x00000000d7a00000, 0x0000000100000000)
  eden space 25088K, 100% used [0x00000000d5580000,0x00000000d6e00000,0x00000000d6e00000)
  from space 4096K, 99% used [0x00000000d6e80000,0x00000000d72781c0,0x00000000d7280000)
  to   space 6144K, 0% used [0x00000000d7400000,0x00000000d7400000,0x00000000d7a00000)
 ParOldGen       total 68608K, used 8211K [0x0000000080000000, 0x0000000084300000, 0x00000000d5580000)
  object space 68608K, 11% used [0x0000000080000000,0x0000000080804f98,0x0000000084300000)
 Metaspace       used 17268K, committed 17920K, reserved 1114112K
  class space    used 1798K, committed 2048K, reserved 1048576K
}
Event: 18.305 GC heap after
{Heap after GC invocations=6 (full 0):
 PSYoungGen      total 25600K, used 6114K [0x00000000d5580000, 0x00000000d8480000, 0x0000000100000000)
  eden space 19456K, 0% used [0x00000000d5580000,0x00000000d5580000,0x00000000d6880000)
  from space 6144K, 99% used [0x00000000d7400000,0x00000000d79f88a8,0x00000000d7a00000)
  to   space 11776K, 0% used [0x00000000d6880000,0x00000000d6880000,0x00000000d7400000)
 ParOldGen       total 68608K, used 12619K [0x0000000080000000, 0x0000000084300000, 0x00000000d5580000)
  object space 68608K, 18% used [0x0000000080000000,0x0000000080c52fb8,0x0000000084300000)
 Metaspace       used 17268K, committed 17920K, reserved 1114112K
  class space    used 1798K, committed 2048K, reserved 1048576K
}
Event: 19.218 GC heap before
{Heap before GC invocations=7 (full 0):
 PSYoungGen      total 25600K, used 25570K [0x00000000d5580000, 0x00000000d8480000, 0x0000000100000000)
  eden space 19456K, 100% used [0x00000000d5580000,0x00000000d6880000,0x00000000d6880000)
  from space 6144K, 99% used [0x00000000d7400000,0x00000000d79f88a8,0x00000000d7a00000)
  to   space 11776K, 0% used [0x00000000d6880000,0x00000000d6880000,0x00000000d7400000)
 ParOldGen       total 68608K, used 12619K [0x0000000080000000, 0x0000000084300000, 0x00000000d5580000)
  object space 68608K, 18% used [0x0000000080000000,0x0000000080c52fb8,0x0000000084300000)
 Metaspace       used 19222K, committed 20032K, reserved 1114112K
  class space    used 2009K, committed 2304K, reserved 1048576K
}
Event: 19.229 GC heap after
{Heap after GC invocations=7 (full 0):
 PSYoungGen      total 24576K, used 5106K [0x00000000d5580000, 0x00000000d7680000, 0x0000000100000000)
  eden space 19456K, 0% used [0x00000000d5580000,0x00000000d5580000,0x00000000d6880000)
  from space 5120K, 99% used [0x00000000d6880000,0x00000000d6d7caf0,0x00000000d6d80000)
  to   space 7168K, 0% used [0x00000000d6f80000,0x00000000d6f80000,0x00000000d7680000)
 ParOldGen       total 68608K, used 14247K [0x0000000080000000, 0x0000000084300000, 0x00000000d5580000)
  object space 68608K, 20% used [0x0000000080000000,0x0000000080de9f30,0x0000000084300000)
 Metaspace       used 19222K, committed 20032K, reserved 1114112K
  class space    used 2009K, committed 2304K, reserved 1048576K
}
Event: 19.733 GC heap before
{Heap before GC invocations=8 (full 0):
 PSYoungGen      total 24576K, used 20544K [0x00000000d5580000, 0x00000000d7680000, 0x0000000100000000)
  eden space 19456K, 79% used [0x00000000d5580000,0x00000000d6493828,0x00000000d6880000)
  from space 5120K, 99% used [0x00000000d6880000,0x00000000d6d7caf0,0x00000000d6d80000)
  to   space 7168K, 0% used [0x00000000d6f80000,0x00000000d6f80000,0x00000000d7680000)
 ParOldGen       total 68608K, used 14247K [0x0000000080000000, 0x0000000084300000, 0x00000000d5580000)
  object space 68608K, 20% used [0x0000000080000000,0x0000000080de9f30,0x0000000084300000)
 Metaspace       used 20736K, committed 21504K, reserved 1114112K
  class space    used 2183K, committed 2496K, reserved 1048576K
}
Event: 19.743 GC heap after
{Heap after GC invocations=8 (full 0):
 PSYoungGen      total 24576K, used 5031K [0x00000000d5580000, 0x00000000d7480000, 0x0000000100000000)
  eden space 19456K, 0% used [0x00000000d5580000,0x00000000d5580000,0x00000000d6880000)
  from space 5120K, 98% used [0x00000000d6f80000,0x00000000d7469d08,0x00000000d7480000)
  to   space 5632K, 0% used [0x00000000d6980000,0x00000000d6980000,0x00000000d6f00000)
 ParOldGen       total 68608K, used 15227K [0x0000000080000000, 0x0000000084300000, 0x00000000d5580000)
  object space 68608K, 22% used [0x0000000080000000,0x0000000080edee40,0x0000000084300000)
 Metaspace       used 20736K, committed 21504K, reserved 1114112K
  class space    used 2183K, committed 2496K, reserved 1048576K
}
Event: 19.743 GC heap before
{Heap before GC invocations=9 (full 1):
 PSYoungGen      total 24576K, used 5031K [0x00000000d5580000, 0x00000000d7480000, 0x0000000100000000)
  eden space 19456K, 0% used [0x00000000d5580000,0x00000000d5580000,0x00000000d6880000)
  from space 5120K, 98% used [0x00000000d6f80000,0x00000000d7469d08,0x00000000d7480000)
  to   space 5632K, 0% used [0x00000000d6980000,0x00000000d6980000,0x00000000d6f00000)
 ParOldGen       total 68608K, used 15227K [0x0000000080000000, 0x0000000084300000, 0x00000000d5580000)
  object space 68608K, 22% used [0x0000000080000000,0x0000000080edee40,0x0000000084300000)
 Metaspace       used 20736K, committed 21504K, reserved 1114112K
  class space    used 2183K, committed 2496K, reserved 1048576K
}
Event: 19.818 GC heap after
{Heap after GC invocations=9 (full 1):
 PSYoungGen      total 24576K, used 0K [0x00000000d5580000, 0x00000000d7480000, 0x0000000100000000)
  eden space 19456K, 0% used [0x00000000d5580000,0x00000000d5580000,0x00000000d6880000)
  from space 5120K, 0% used [0x00000000d6f80000,0x00000000d6f80000,0x00000000d7480000)
  to   space 5632K, 0% used [0x00000000d6980000,0x00000000d6980000,0x00000000d6f00000)
 ParOldGen       total 68608K, used 19010K [0x0000000080000000, 0x0000000084300000, 0x00000000d5580000)
  object space 68608K, 27% used [0x0000000080000000,0x0000000081290a78,0x0000000084300000)
 Metaspace       used 20724K, committed 21504K, reserved 1114112K
  class space    used 2180K, committed 2496K, reserved 1048576K
}
Event: 20.160 GC heap before
{Heap before GC invocations=10 (full 1):
 PSYoungGen      total 24576K, used 19253K [0x00000000d5580000, 0x00000000d7480000, 0x0000000100000000)
  eden space 19456K, 98% used [0x00000000d5580000,0x00000000d684d4c0,0x00000000d6880000)
  from space 5120K, 0% used [0x00000000d6f80000,0x00000000d6f80000,0x00000000d7480000)
  to   space 5632K, 0% used [0x00000000d6980000,0x00000000d6980000,0x00000000d6f00000)
 ParOldGen       total 68608K, used 19010K [0x0000000080000000, 0x0000000084300000, 0x00000000d5580000)
  object space 68608K, 27% used [0x0000000080000000,0x0000000081290a78,0x0000000084300000)
 Metaspace       used 22216K, committed 23040K, reserved 1114112K
  class space    used 2295K, committed 2624K, reserved 1048576K
}
Event: 20.165 GC heap after
{Heap after GC invocations=10 (full 1):
 PSYoungGen      total 22528K, used 2950K [0x00000000d5580000, 0x00000000d7080000, 0x0000000100000000)
  eden space 19456K, 0% used [0x00000000d5580000,0x00000000d5580000,0x00000000d6880000)
  from space 3072K, 96% used [0x00000000d6980000,0x00000000d6c61ad8,0x00000000d6c80000)
  to   space 4096K, 0% used [0x00000000d6c80000,0x00000000d6c80000,0x00000000d7080000)
 ParOldGen       total 68608K, used 19010K [0x0000000080000000, 0x0000000084300000, 0x00000000d5580000)
  object space 68608K, 27% used [0x0000000080000000,0x0000000081290a78,0x0000000084300000)
 Metaspace       used 22216K, committed 23040K, reserved 1114112K
  class space    used 2295K, committed 2624K, reserved 1048576K
}
Event: 20.731 GC heap before
{Heap before GC invocations=11 (full 1):
 PSYoungGen      total 22528K, used 22406K [0x00000000d5580000, 0x00000000d7080000, 0x0000000100000000)
  eden space 19456K, 100% used [0x00000000d5580000,0x00000000d6880000,0x00000000d6880000)
  from space 3072K, 96% used [0x00000000d6980000,0x00000000d6c61ad8,0x00000000d6c80000)
  to   space 4096K, 0% used [0x00000000d6c80000,0x00000000d6c80000,0x00000000d7080000)
 ParOldGen       total 68608K, used 19010K [0x0000000080000000, 0x0000000084300000, 0x00000000d5580000)
  object space 68608K, 27% used [0x0000000080000000,0x0000000081290a78,0x0000000084300000)
 Metaspace       used 25521K, committed 26368K, reserved 1114112K
  class space    used 2533K, committed 2880K, reserved 1048576K
}
Event: 20.734 GC heap after
{Heap after GC invocations=11 (full 1):
 PSYoungGen      total 20480K, used 861K [0x00000000d5580000, 0x00000000d6d80000, 0x0000000100000000)
  eden space 19456K, 0% used [0x00000000d5580000,0x00000000d5580000,0x00000000d6880000)
  from space 1024K, 84% used [0x00000000d6c80000,0x00000000d6d57468,0x00000000d6d80000)
  to   space 2048K, 0% used [0x00000000d6980000,0x00000000d6980000,0x00000000d6b80000)
 ParOldGen       total 68608K, used 19010K [0x0000000080000000, 0x0000000084300000, 0x00000000d5580000)
  object space 68608K, 27% used [0x0000000080000000,0x0000000081290a78,0x0000000084300000)
 Metaspace       used 25521K, committed 26368K, reserved 1114112K
  class space    used 2533K, committed 2880K, reserved 1048576K
}
Event: 20.948 GC heap before
{Heap before GC invocations=12 (full 1):
 PSYoungGen      total 20480K, used 20317K [0x00000000d5580000, 0x00000000d6d80000, 0x0000000100000000)
  eden space 19456K, 100% used [0x00000000d5580000,0x00000000d6880000,0x00000000d6880000)
  from space 1024K, 84% used [0x00000000d6c80000,0x00000000d6d57468,0x00000000d6d80000)
  to   space 2048K, 0% used [0x00000000d6980000,0x00000000d6980000,0x00000000d6b80000)
 ParOldGen       total 68608K, used 19010K [0x0000000080000000, 0x0000000084300000, 0x00000000d5580000)
  object space 68608K, 27% used [0x0000000080000000,0x0000000081290a78,0x0000000084300000)
 Metaspace       used 27514K, committed 28416K, reserved 1114112K
  class space    used 2727K, committed 3072K, reserved 1048576K
}
Event: 20.954 GC heap after
{Heap after GC invocations=12 (full 1):
 PSYoungGen      total 20992K, used 1435K [0x00000000d5580000, 0x00000000d6d00000, 0x0000000100000000)
  eden space 19456K, 0% used [0x00000000d5580000,0x00000000d5580000,0x00000000d6880000)
  from space 1536K, 93% used [0x00000000d6980000,0x00000000d6ae6da0,0x00000000d6b00000)
  to   space 2048K, 0% used [0x00000000d6b00000,0x00000000d6b00000,0x00000000d6d00000)
 ParOldGen       total 68608K, used 20478K [0x0000000080000000, 0x0000000084300000, 0x00000000d5580000)
  object space 68608K, 29% used [0x0000000080000000,0x00000000813ff8c0,0x0000000084300000)
 Metaspace       used 27514K, committed 28416K, reserved 1114112K
  class space    used 2727K, committed 3072K, reserved 1048576K
}
Event: 21.178 GC heap before
{Heap before GC invocations=13 (full 1):
 PSYoungGen      total 20992K, used 20891K [0x00000000d5580000, 0x00000000d6d00000, 0x0000000100000000)
  eden space 19456K, 100% used [0x00000000d5580000,0x00000000d6880000,0x00000000d6880000)
  from space 1536K, 93% used [0x00000000d6980000,0x00000000d6ae6da0,0x00000000d6b00000)
  to   space 2048K, 0% used [0x00000000d6b00000,0x00000000d6b00000,0x00000000d6d00000)
 ParOldGen       total 68608K, used 20478K [0x0000000080000000, 0x0000000084300000, 0x00000000d5580000)
  object space 68608K, 29% used [0x0000000080000000,0x00000000813ff8c0,0x0000000084300000)
 Metaspace       used 28864K, committed 29696K, reserved 1114112K
  class space    used 2874K, committed 3200K, reserved 1048576K
}
Event: 21.187 GC heap after
{Heap after GC invocations=13 (full 1):
 PSYoungGen      total 19968K, used 480K [0x00000000d5580000, 0x00000000d6b80000, 0x0000000100000000)
  eden space 19456K, 0% used [0x00000000d5580000,0x00000000d5580000,0x00000000d6880000)
  from space 512K, 93% used [0x00000000d6b00000,0x00000000d6b78010,0x00000000d6b80000)
  to   space 1024K, 0% used [0x00000000d6980000,0x00000000d6980000,0x00000000d6a80000)
 ParOldGen       total 68608K, used 21697K [0x0000000080000000, 0x0000000084300000, 0x00000000d5580000)
  object space 68608K, 31% used [0x0000000080000000,0x00000000815305b0,0x0000000084300000)
 Metaspace       used 28864K, committed 29696K, reserved 1114112K
  class space    used 2874K, committed 3200K, reserved 1048576K
}
Event: 21.564 GC heap before
{Heap before GC invocations=14 (full 1):
 PSYoungGen      total 19968K, used 19936K [0x00000000d5580000, 0x00000000d6b80000, 0x0000000100000000)
  eden space 19456K, 100% used [0x00000000d5580000,0x00000000d6880000,0x00000000d6880000)
  from space 512K, 93% used [0x00000000d6b00000,0x00000000d6b78010,0x00000000d6b80000)
  to   space 1024K, 0% used [0x00000000d6980000,0x00000000d6980000,0x00000000d6a80000)
 ParOldGen       total 68608K, used 21697K [0x0000000080000000, 0x0000000084300000, 0x00000000d5580000)
  object space 68608K, 31% used [0x0000000080000000,0x00000000815305b0,0x0000000084300000)
 Metaspace       used 31389K, committed 32320K, reserved 1114112K
  class space    used 3182K, committed 3584K, reserved 1048576K
}
Event: 21.567 GC heap after
{Heap after GC invocations=14 (full 1):
 PSYoungGen      total 20480K, used 1020K [0x00000000d5580000, 0x00000000d6c80000, 0x0000000100000000)
  eden space 19456K, 0% used [0x00000000d5580000,0x00000000d5580000,0x00000000d6880000)
  from space 1024K, 99% used [0x00000000d6980000,0x00000000d6a7f178,0x00000000d6a80000)
  to   space 2048K, 0% used [0x00000000d6a80000,0x00000000d6a80000,0x00000000d6c80000)
 ParOldGen       total 68608K, used 22129K [0x0000000080000000, 0x0000000084300000, 0x00000000d5580000)
  object space 68608K, 32% used [0x0000000080000000,0x000000008159c600,0x0000000084300000)
 Metaspace       used 31389K, committed 32320K, reserved 1114112K
  class space    used 3182K, committed 3584K, reserved 1048576K
}

