# JRE version: OpenJDK Runtime Environment Microsoft-12574423 (17.0.17+10) (build 17.0.17+10-LTS)
# Java VM: OpenJDK 64-Bit Server VM Microsoft-12574423 (17.0.17+10-LTS, mixed mode, sharing, tiered, compressed oops, compressed class ptrs, g1 gc, windows-amd64)
GC Precious Log:
 CPUs: 12 total, 12 available
 Memory: 7885M
 Large Page Support: Disabled
 NUMA Support: Disabled
 Compressed Oops: Enabled (32-bit)
 Heap Region Size: 1M
 Heap Min Capacity: 8M
 Heap Initial Capacity: 124M
 Heap Max Capacity: 2G
 Pre-touch: Disabled
 Parallel Workers: 10
 Concurrent Workers: 3
 Concurrent Refinement Workers: 10
 Periodic GC: Disabled
Heap:
 garbage-first heap   total 302080K, used 174438K [0x0000000080000000, 0x0000000100000000)
  region size 1024K, 2 young (2048K), 2 survivors (2048K)
 Metaspace       used 185518K, committed 186944K, reserved 622592K
  class space    used 23622K, committed 24256K, reserved 425984K
GC Heap History (20 events):
Event: 95.730 GC heap after
{Heap after GC invocations=66 (full 0):
 garbage-first heap   total 293888K, used 158840K [0x0000000080000000, 0x0000000100000000)
  region size 1024K, 9 young (9216K), 9 survivors (9216K)
 Metaspace       used 164010K, committed 165312K, reserved 622592K
  class space    used 21702K, committed 22336K, reserved 425984K
}
Event: 97.918 GC heap before
{Heap before GC invocations=66 (full 0):
 garbage-first heap   total 293888K, used 238712K [0x0000000080000000, 0x0000000100000000)
  region size 1024K, 87 young (89088K), 9 survivors (9216K)
 Metaspace       used 175563K, committed 176896K, reserved 622592K
  class space    used 22789K, committed 23424K, reserved 425984K
}
Event: 97.929 GC heap after
{Heap after GC invocations=67 (full 0):
 garbage-first heap   total 293888K, used 162311K [0x0000000080000000, 0x0000000100000000)
  region size 1024K, 4 young (4096K), 4 survivors (4096K)
 Metaspace       used 175563K, committed 176896K, reserved 622592K
  class space    used 22789K, committed 23424K, reserved 425984K
}
Event: 103.751 GC heap before
{Heap before GC invocations=67 (full 0):
 garbage-first heap   total 293888K, used 242183K [0x0000000080000000, 0x0000000100000000)
  region size 1024K, 82 young (83968K), 4 survivors (4096K)
 Metaspace       used 179370K, committed 180736K, reserved 622592K
  class space    used 23176K, committed 23808K, reserved 425984K
}
Event: 103.760 GC heap after
{Heap after GC invocations=68 (full 0):
 garbage-first heap   total 293888K, used 158578K [0x0000000080000000, 0x0000000100000000)
  region size 1024K, 7 young (7168K), 7 survivors (7168K)
 Metaspace       used 179370K, committed 180736K, reserved 622592K
  class space    used 23176K, committed 23808K, reserved 425984K
}
Event: 115.498 GC heap before
{Heap before GC invocations=68 (full 0):
 garbage-first heap   total 293888K, used 242546K [0x0000000080000000, 0x0000000100000000)
  region size 1024K, 90 young (92160K), 7 survivors (7168K)
 Metaspace       used 180000K, committed 181376K, reserved 622592K
  class space    used 23179K, committed 23808K, reserved 425984K
}
Event: 115.510 GC heap after
{Heap after GC invocations=69 (full 0):
 garbage-first heap   total 293888K, used 161349K [0x0000000080000000, 0x0000000100000000)
  region size 1024K, 7 young (7168K), 7 survivors (7168K)
 Metaspace       used 180000K, committed 181376K, reserved 622592K
  class space    used 23179K, committed 23808K, reserved 425984K
}
Event: 127.236 GC heap before
{Heap before GC invocations=69 (full 0):
 garbage-first heap   total 293888K, used 247365K [0x0000000080000000, 0x0000000100000000)
  region size 1024K, 90 young (92160K), 7 survivors (7168K)
 Metaspace       used 180666K, committed 182080K, reserved 622592K
  class space    used 23226K, committed 23872K, reserved 425984K
}
Event: 127.252 GC heap after
{Heap after GC invocations=70 (full 0):
 garbage-first heap   total 293888K, used 166139K [0x0000000080000000, 0x0000000100000000)
  region size 1024K, 6 young (6144K), 6 survivors (6144K)
 Metaspace       used 180666K, committed 182080K, reserved 622592K
  class space    used 23226K, committed 23872K, reserved 425984K
}
Event: 127.499 GC heap before
{Heap before GC invocations=70 (full 0):
 garbage-first heap   total 293888K, used 250107K [0x0000000080000000, 0x0000000100000000)
  region size 1024K, 86 young (88064K), 6 survivors (6144K)
 Metaspace       used 180961K, committed 182400K, reserved 622592K
  class space    used 23270K, committed 23936K, reserved 425984K
}
Event: 127.508 GC heap after
{Heap after GC invocations=71 (full 0):
 garbage-first heap   total 293888K, used 170172K [0x0000000080000000, 0x0000000100000000)
  region size 1024K, 7 young (7168K), 7 survivors (7168K)
 Metaspace       used 180961K, committed 182400K, reserved 622592K
  class space    used 23270K, committed 23936K, reserved 425984K
}
Event: 127.698 GC heap before
{Heap before GC invocations=71 (full 0):
 garbage-first heap   total 293888K, used 235708K [0x0000000080000000, 0x0000000100000000)
  region size 1024K, 73 young (74752K), 7 survivors (7168K)
 Metaspace       used 181625K, committed 183104K, reserved 622592K
  class space    used 23318K, committed 24000K, reserved 425984K
}
Event: 127.724 GC heap after
{Heap after GC invocations=72 (full 0):
 garbage-first heap   total 293888K, used 172438K [0x0000000080000000, 0x0000000100000000)
  region size 1024K, 7 young (7168K), 7 survivors (7168K)
 Metaspace       used 181625K, committed 183104K, reserved 622592K
  class space    used 23318K, committed 24000K, reserved 425984K
}
Event: 128.121 GC heap before
{Heap before GC invocations=72 (full 0):
 garbage-first heap   total 293888K, used 251286K [0x0000000080000000, 0x0000000100000000)
  region size 1024K, 82 young (83968K), 7 survivors (7168K)
 Metaspace       used 183855K, committed 185280K, reserved 622592K
  class space    used 23474K, committed 24128K, reserved 425984K
}
Event: 128.135 GC heap after
{Heap after GC invocations=73 (full 0):
 garbage-first heap   total 293888K, used 176970K [0x0000000080000000, 0x0000000100000000)
  region size 1024K, 9 young (9216K), 9 survivors (9216K)
 Metaspace       used 183855K, committed 185280K, reserved 622592K
  class space    used 23474K, committed 24128K, reserved 425984K
}
Event: 128.855 GC heap before
{Heap before GC invocations=74 (full 0):
 garbage-first heap   total 302080K, used 247626K [0x0000000080000000, 0x0000000100000000)
  region size 1024K, 78 young (79872K), 9 survivors (9216K)
 Metaspace       used 185328K, committed 186752K, reserved 622592K
  class space    used 23618K, committed 24256K, reserved 425984K
}
Event: 128.872 GC heap after
{Heap after GC invocations=75 (full 0):
 garbage-first heap   total 302080K, used 186409K [0x0000000080000000, 0x0000000100000000)
  region size 1024K, 10 young (10240K), 10 survivors (10240K)
 Metaspace       used 185328K, committed 186752K, reserved 622592K
  class space    used 23618K, committed 24256K, reserved 425984K
}
Event: 128.883 GC heap before
{Heap before GC invocations=75 (full 0):
 garbage-first heap   total 302080K, used 189481K [0x0000000080000000, 0x0000000100000000)
  region size 1024K, 14 young (14336K), 10 survivors (10240K)
 Metaspace       used 185341K, committed 186752K, reserved 622592K
  class space    used 23618K, committed 24256K, reserved 425984K
}
Event: 128.899 GC heap after
{Heap after GC invocations=76 (full 0):
 garbage-first heap   total 302080K, used 175029K [0x0000000080000000, 0x0000000100000000)
  region size 1024K, 2 young (2048K), 2 survivors (2048K)
 Metaspace       used 185341K, committed 186752K, reserved 622592K
  class space    used 23618K, committed 24256K, reserved 425984K
}
Event: 129.045 GC heap before
{Heap before GC invocations=76 (full 0):
 garbage-first heap   total 302080K, used 245685K [0x0000000080000000, 0x0000000100000000)
  region size 1024K, 72 young (73728K), 2 survivors (2048K)
 Metaspace       used 185518K, committed 186944K, reserved 622592K
  class space    used 23622K, committed 24256K, reserved 425984K
}

